0 info it worked if it ends with ok
1 verbose cli [ '/usr/bin/node', '/usr/bin/npm', 'run', 'build' ]
2 info using npm@2.0.2
3 info using node@v0.10.32
4 verbose run-script [ 'prebuild', 'build', 'postbuild' ]
5 info prebuild turf-playground@1.0.0
6 info build turf-playground@1.0.0
7 verbose unsafe-perm in lifecycle true
8 info turf-playground@1.0.0 Failed to exec build script
9 verbose stack Error: turf-playground@1.0.0 build: `browserify app/main.js -o public/bundle.js`
9 verbose stack Exit status 1
9 verbose stack     at ChildProcess.<anonymous> (/usr/lib/node_modules/npm/lib/utils/lifecycle.js:212:16)
9 verbose stack     at ChildProcess.emit (events.js:98:17)
9 verbose stack     at maybeClose (child_process.js:756:16)
9 verbose stack     at Process.ChildProcess._handle.onexit (child_process.js:823:5)
10 verbose pkgid turf-playground@1.0.0
11 verbose cwd /home/tcql/Code/turf-plugins/playground
12 error Linux 3.16.3-1-ARCH
13 error argv "/usr/bin/node" "/usr/bin/npm" "run" "build"
14 error node v0.10.32
15 error npm  v2.0.2
16 error code ELIFECYCLE
17 error turf-playground@1.0.0 build: `browserify app/main.js -o public/bundle.js`
17 error Exit status 1
18 error Failed at the turf-playground@1.0.0 build script.
18 error This is most likely a problem with the turf-playground package,
18 error not with npm itself.
18 error Tell the author that this fails on your system:
18 error     browserify app/main.js -o public/bundle.js
18 error You can get their info via:
18 error     npm owner ls turf-playground
18 error There is likely additional logging output above.
19 verbose exit [ 1, true ]
